<?xml version="1.0" encoding="UTF-8" ?>
<testsuite tests="14" failures="0" name="nl.tytech.sdk.example.BuyLandTest" time="7.557" errors="0" skipped="0">
  <properties>
[...]
</properties>
  <testcase classname="nl.tytech.sdk.example.BuyLandTest" name="test01Setup" time="1.485"/>
  <testcase classname="nl.tytech.sdk.example.BuyLandTest" name="test02Connect" time="0.009"/>
  <testcase classname="nl.tytech.sdk.example.BuyLandTest" name="test03CreateNewProject" time="0.165"/>
  <testcase classname="nl.tytech.sdk.example.BuyLandTest" name="test04StartEditSessionAsEditor" time="1.053"/>
  <testcase classname="nl.tytech.sdk.example.BuyLandTest" name="test05doEditSession" time="1.116"/>
  <testcase classname="nl.tytech.sdk.example.BuyLandTest" name="test06closeEditSession" time="0.188"/>
  <testcase classname="nl.tytech.sdk.example.BuyLandTest" name="test07startRegularSessionAsParticipant" time="1.154"/>
  <testcase classname="nl.tytech.sdk.example.BuyLandTest" name="test08selectStakeholderToPlay" time="0"/>
  <testcase classname="nl.tytech.sdk.example.BuyLandTest" name="test09Stakeholder0buyLand" time="0.037"/>
  <testcase classname="nl.tytech.sdk.example.BuyLandTest" name="test10confirmLandSell" time="1.023"/>
  <testcase classname="nl.tytech.sdk.example.BuyLandTest" name="test11confirmLandSoldConfirmation" time="1.044"/>
  <testcase classname="nl.tytech.sdk.example.BuyLandTest" name="test12planBuilding" time="0.06"/>
  <testcase classname="nl.tytech.sdk.example.BuyLandTest" name="test13closeRegularSession" time="0.077"/>
  <testcase classname="nl.tytech.sdk.example.BuyLandTest" name="test14deleteProject" time="0.146"/>
</testsuite>